<?xml version="1.0" encoding="UTF-8"?>
<!-- Generated by org.testng.reporters.JUnitReportReporter -->
<testsuite skipped="0" hostname="WKWIN9963505" name="com.miral.galenDefination.ContactUs_Page" tests="1" failures="0" timestamp="17 Jun 2018 07:19:32 GMT" time="63.852" errors="0">
  <testcase name="YasContactUsUIinDesktop" time="63.852" classname="com.miral.galenDefination.ContactUs_Page"/>
</testsuite> <!-- com.miral.galenDefination.ContactUs_Page -->
