<?xml version="1.0" encoding="UTF-8"?>
<!-- Generated by org.testng.reporters.JUnitReportReporter -->
<testsuite name="com.miral.galenDefination.Home_Page" tests="3" time="96.148" ignored="0" failures="0" timestamp="12 Jul 2017 09:08:16 GMT" skipped="0" hostname="delgthak377365" errors="0">
  <testcase name="YasHomePageUIOnDesktop" time="31.609" classname="com.miral.galenDefination.Home_Page"/>
  <testcase name="YasHomePageUIOnMobile" time="31.128" classname="com.miral.galenDefination.Home_Page"/>
  <testcase name="YasHomePageUIOnTablet" time="33.411" classname="com.miral.galenDefination.Home_Page"/>
</testsuite> <!-- com.miral.galenDefination.Home_Page -->
