<?xml version="1.0" encoding="UTF-8"?>
<!-- Generated by org.testng.reporters.JUnitReportReporter -->
<testsuite skipped="0" hostname="delksah168562" name="com.miral.galenDefination.ContactUs_Page" tests="1" failures="0" timestamp="13 Jul 2017 11:12:12 GMT" time="26.579" errors="0">
  <testcase name="YasContactUsUIinDesktop" time="26.579" classname="com.miral.galenDefination.ContactUs_Page"/>
</testsuite> <!-- com.miral.galenDefination.ContactUs_Page -->
