<?xml version="1.0" encoding="UTF-8"?>
<!-- Generated by org.testng.reporters.JUnitReportReporter -->
<testsuite skipped="0" hostname="delksah168562" name="com.miral.galenDefination.Miral_HomePage" tests="4" failures="0" timestamp="20 Sep 2017 07:27:24 GMT" time="169.554" errors="3">
  <testcase name="Miral_HomePage_Footer_UI_Validation" time="53.930" classname="com.miral.galenDefination.Miral_HomePage">
    <error type="com.galenframework.support.LayoutValidationException" message="D:\GalenJAVA\LastStandGalen/src/test/resources/spec/MiralFooter.spec, tags: [Desktop]
  - &quot;Footer_column_container&quot; is 2396px top instead of 2303px, is 215px bottom instead of 214px (D:\GalenJAVA\LastStandGalen/src/test/resources/spec/MiralFooter.spec:17)
  - &quot;Footer_column_container&quot; is 1760px below &quot;viewport&quot; instead of 1667px (D:\GalenJAVA\LastStandGalen/src/test/resources/spec/MiralFooter.spec:27)
  - &quot;Footer_container&quot; is 2351px top instead of 2258px (D:\GalenJAVA\LastStandGalen/src/test/resources/spec/MiralFooter.spec:32)
  - &quot;screen&quot; is not aligned horizontally bottom with &quot;Footer_container&quot;. Offset is 1px (D:\GalenJAVA\LastStandGalen/src/test/resources/spec/MiralFooter.spec:33)
  - &quot;Footer_container&quot; is 1715px below &quot;viewport&quot; instead of 1622px (D:\GalenJAVA\LastStandGalen/src/test/resources/spec/MiralFooter.spec:36)
  - &quot;Footer_cpyrgt&quot; is 2811px top instead of 2718px, is 33px bottom instead of 32px (D:\GalenJAVA\LastStandGalen/src/test/resources/spec/MiralFooter.spec:40)
  - &quot;Footer_cpyrgt&quot; is 2175px below &quot;viewport&quot; instead of 2082px (D:\GalenJAVA\LastStandGalen/src/test/resources/spec/MiralFooter.spec:47)
  - &quot;Footer_link_category&quot; is 2396px top instead of 2303px, is 447px bottom instead of 446px (D:\GalenJAVA\LastStandGalen/src/test/resources/spec/MiralFooter.spec:54)
  - &quot;Footer_link_category&quot; is 1760px below &quot;viewport&quot; instead of 1667px (D:\GalenJAVA\LastStandGalen/src/test/resources/spec/MiralFooter.spec:65)
  - &quot;Footer_link_subcat_ferrari&quot; is 2434px top instead of 2341px, is 409px bottom instead of 408px (D:\GalenJAVA\LastStandGalen/src/test/resources/spec/MiralFooter.spec:71)
  - &quot;Footer_link_subcat_ferrari&quot; is 1798px below &quot;viewport&quot; instead of 1705px (D:\GalenJAVA\LastStandGalen/src/test/resources/spec/MiralFooter.spec:81)
  - &quot;Footer_scnd_logo&quot; is 2694px top instead of 2601px, is 92px bottom instead of 91px (D:\GalenJAVA\LastStandGalen/src/test/resources/spec/MiralFooter.spec:85)
  - &quot;Footer_scnd_logo&quot; is 2058px below &quot;viewport&quot; instead of 1965px (D:\GalenJAVA\LastStandGalen/src/test/resources/spec/MiralFooter.spec:95)
  - &quot;Footer_prmy_logo&quot; is 2713px top instead of 2620px, is 106px bottom instead of 105px (D:\GalenJAVA\LastStandGalen/src/test/resources/spec/MiralFooter.spec:99)
  - &quot;Footer_prmy_logo&quot; is 2077px below &quot;viewport&quot; instead of 1984px (D:\GalenJAVA\LastStandGalen/src/test/resources/spec/MiralFooter.spec:108)
  - &quot;Footer_container&quot; is not aligned horizontally bottom with &quot;screen&quot;. Offset is 1px (D:\GalenJAVA\LastStandGalen/src/test/resources/spec/MiralFooter.spec:114)
  - &quot;viewport&quot; is 2225px bottom instead of 2131px (D:\GalenJAVA\LastStandGalen/src/test/resources/spec/MiralFooter.spec:122)
  - &quot;viewport&quot; is 1760px above &quot;Footer_column_container&quot; instead of 1667px (D:\GalenJAVA\LastStandGalen/src/test/resources/spec/MiralFooter.spec:126)
  - &quot;viewport&quot; is 1715px above &quot;Footer_container&quot; instead of 1622px (D:\GalenJAVA\LastStandGalen/src/test/resources/spec/MiralFooter.spec:127)
  - &quot;viewport&quot; is 2175px above &quot;Footer_cpyrgt&quot; instead of 2082px (D:\GalenJAVA\LastStandGalen/src/test/resources/spec/MiralFooter.spec:128)
  - &quot;viewport&quot; is 1760px above &quot;Footer_link_category&quot; instead of 1667px (D:\GalenJAVA\LastStandGalen/src/test/resources/spec/MiralFooter.spec:129)
  - &quot;viewport&quot; is 1798px above &quot;Footer_link_subcat_ferrari&quot; instead of 1705px (D:\GalenJAVA\LastStandGalen/src/test/resources/spec/MiralFooter.spec:130)
  - &quot;viewport&quot; is 2058px above &quot;Footer_scnd_logo&quot; instead of 1965px (D:\GalenJAVA\LastStandGalen/src/test/resources/spec/MiralFooter.spec:131)
  - &quot;viewport&quot; is 2077px above &quot;Footer_prmy_logo&quot; instead of 1984px (D:\GalenJAVA\LastStandGalen/src/test/resources/spec/MiralFooter.spec:132)
">
      <![CDATA[com.galenframework.support.LayoutValidationException: D:\GalenJAVA\LastStandGalen/src/test/resources/spec/MiralFooter.spec, tags: [Desktop]
  - "Footer_column_container" is 2396px top instead of 2303px, is 215px bottom instead of 214px (D:\GalenJAVA\LastStandGalen/src/test/resources/spec/MiralFooter.spec:17)
  - "Footer_column_container" is 1760px below "viewport" instead of 1667px (D:\GalenJAVA\LastStandGalen/src/test/resources/spec/MiralFooter.spec:27)
  - "Footer_container" is 2351px top instead of 2258px (D:\GalenJAVA\LastStandGalen/src/test/resources/spec/MiralFooter.spec:32)
  - "screen" is not aligned horizontally bottom with "Footer_container". Offset is 1px (D:\GalenJAVA\LastStandGalen/src/test/resources/spec/MiralFooter.spec:33)
  - "Footer_container" is 1715px below "viewport" instead of 1622px (D:\GalenJAVA\LastStandGalen/src/test/resources/spec/MiralFooter.spec:36)
  - "Footer_cpyrgt" is 2811px top instead of 2718px, is 33px bottom instead of 32px (D:\GalenJAVA\LastStandGalen/src/test/resources/spec/MiralFooter.spec:40)
  - "Footer_cpyrgt" is 2175px below "viewport" instead of 2082px (D:\GalenJAVA\LastStandGalen/src/test/resources/spec/MiralFooter.spec:47)
  - "Footer_link_category" is 2396px top instead of 2303px, is 447px bottom instead of 446px (D:\GalenJAVA\LastStandGalen/src/test/resources/spec/MiralFooter.spec:54)
  - "Footer_link_category" is 1760px below "viewport" instead of 1667px (D:\GalenJAVA\LastStandGalen/src/test/resources/spec/MiralFooter.spec:65)
  - "Footer_link_subcat_ferrari" is 2434px top instead of 2341px, is 409px bottom instead of 408px (D:\GalenJAVA\LastStandGalen/src/test/resources/spec/MiralFooter.spec:71)
  - "Footer_link_subcat_ferrari" is 1798px below "viewport" instead of 1705px (D:\GalenJAVA\LastStandGalen/src/test/resources/spec/MiralFooter.spec:81)
  - "Footer_scnd_logo" is 2694px top instead of 2601px, is 92px bottom instead of 91px (D:\GalenJAVA\LastStandGalen/src/test/resources/spec/MiralFooter.spec:85)
  - "Footer_scnd_logo" is 2058px below "viewport" instead of 1965px (D:\GalenJAVA\LastStandGalen/src/test/resources/spec/MiralFooter.spec:95)
  - "Footer_prmy_logo" is 2713px top instead of 2620px, is 106px bottom instead of 105px (D:\GalenJAVA\LastStandGalen/src/test/resources/spec/MiralFooter.spec:99)
  - "Footer_prmy_logo" is 2077px below "viewport" instead of 1984px (D:\GalenJAVA\LastStandGalen/src/test/resources/spec/MiralFooter.spec:108)
  - "Footer_container" is not aligned horizontally bottom with "screen". Offset is 1px (D:\GalenJAVA\LastStandGalen/src/test/resources/spec/MiralFooter.spec:114)
  - "viewport" is 2225px bottom instead of 2131px (D:\GalenJAVA\LastStandGalen/src/test/resources/spec/MiralFooter.spec:122)
  - "viewport" is 1760px above "Footer_column_container" instead of 1667px (D:\GalenJAVA\LastStandGalen/src/test/resources/spec/MiralFooter.spec:126)
  - "viewport" is 1715px above "Footer_container" instead of 1622px (D:\GalenJAVA\LastStandGalen/src/test/resources/spec/MiralFooter.spec:127)
  - "viewport" is 2175px above "Footer_cpyrgt" instead of 2082px (D:\GalenJAVA\LastStandGalen/src/test/resources/spec/MiralFooter.spec:128)
  - "viewport" is 1760px above "Footer_link_category" instead of 1667px (D:\GalenJAVA\LastStandGalen/src/test/resources/spec/MiralFooter.spec:129)
  - "viewport" is 1798px above "Footer_link_subcat_ferrari" instead of 1705px (D:\GalenJAVA\LastStandGalen/src/test/resources/spec/MiralFooter.spec:130)
  - "viewport" is 2058px above "Footer_scnd_logo" instead of 1965px (D:\GalenJAVA\LastStandGalen/src/test/resources/spec/MiralFooter.spec:131)
  - "viewport" is 2077px above "Footer_prmy_logo" instead of 1984px (D:\GalenJAVA\LastStandGalen/src/test/resources/spec/MiralFooter.spec:132)

	at com.galenframework.support.GalenJavaTestBase.checkLayout(GalenJavaTestBase.java:123)
	at com.galenframework.support.GalenJavaTestBase.checkLayout(GalenJavaTestBase.java:105)
	at com.miral.galenDefination.Miral_HomePage.Miral_HomePage_Footer_UI_Validation(Miral_HomePage.java:144)
	at sun.reflect.NativeMethodAccessorImpl.invoke0(Native Method)
	at sun.reflect.NativeMethodAccessorImpl.invoke(NativeMethodAccessorImpl.java:62)
	at sun.reflect.DelegatingMethodAccessorImpl.invoke(DelegatingMethodAccessorImpl.java:43)
	at java.lang.reflect.Method.invoke(Method.java:498)
	at org.testng.internal.MethodInvocationHelper.invokeMethod(MethodInvocationHelper.java:108)
	at org.testng.internal.Invoker.invokeMethod(Invoker.java:661)
	at org.testng.internal.Invoker.invokeTestMethod(Invoker.java:869)
	at org.testng.internal.Invoker.invokeTestMethods(Invoker.java:1193)
	at org.testng.internal.TestMethodWorker.invokeTestMethods(TestMethodWorker.java:126)
	at org.testng.internal.TestMethodWorker.run(TestMethodWorker.java:109)
	at org.testng.TestRunner.privateRun(TestRunner.java:744)
	at org.testng.TestRunner.run(TestRunner.java:602)
	at org.testng.SuiteRunner.runTest(SuiteRunner.java:380)
	at org.testng.SuiteRunner.runSequentially(SuiteRunner.java:375)
	at org.testng.SuiteRunner.privateRun(SuiteRunner.java:340)
	at org.testng.SuiteRunner.run(SuiteRunner.java:289)
	at org.testng.SuiteRunnerWorker.runSuite(SuiteRunnerWorker.java:52)
	at org.testng.SuiteRunnerWorker.run(SuiteRunnerWorker.java:86)
	at org.testng.TestNG.runSuitesSequentially(TestNG.java:1301)
	at org.testng.TestNG.runSuitesLocally(TestNG.java:1226)
	at org.testng.TestNG.runSuites(TestNG.java:1144)
	at org.testng.TestNG.run(TestNG.java:1115)
	at org.testng.remote.AbstractRemoteTestNG.run(AbstractRemoteTestNG.java:132)
	at org.testng.remote.RemoteTestNG.initAndRun(RemoteTestNG.java:230)
	at org.testng.remote.RemoteTestNG.main(RemoteTestNG.java:76)
]]>
    </error>
  </testcase> <!-- Miral_HomePage_Footer_UI_Validation -->
  <testcase name="Miral_HomePage_EditorialGrid_UI_Validation" time="61.265" classname="com.miral.galenDefination.Miral_HomePage">
    <error type="com.galenframework.support.LayoutValidationException" message="D:\GalenJAVA\LastStandGalen/src/test/resources/spec/MiralEditorialGrid.spec, tags: [Desktop]
  - &quot;viewport&quot; is 2225px bottom instead of 2131px (D:\GalenJAVA\LastStandGalen/src/test/resources/spec/MiralEditorialGrid.spec:25)
  - &quot;viewport&quot; is 895px above &quot;Editorialgrid_shorttitle&quot; instead of 925px (D:\GalenJAVA\LastStandGalen/src/test/resources/spec/MiralEditorialGrid.spec:29)
  - &quot;viewport&quot; is 1216px above &quot;Editorialgrid_list_item_svg&quot; instead of 1246px (D:\GalenJAVA\LastStandGalen/src/test/resources/spec/MiralEditorialGrid.spec:30)
  - &quot;viewport&quot; is 1346px above &quot;Editorialgrid_list_item_bodycopy&quot; instead of 1376px (D:\GalenJAVA\LastStandGalen/src/test/resources/spec/MiralEditorialGrid.spec:31)
  - &quot;viewport&quot; is 1216px above &quot;Editorialgrid_list_item&quot; instead of 1246px (D:\GalenJAVA\LastStandGalen/src/test/resources/spec/MiralEditorialGrid.spec:32)
  - &quot;viewport&quot; is 1484px above &quot;Editorialgrid_list_cta&quot; instead of 1514px (D:\GalenJAVA\LastStandGalen/src/test/resources/spec/MiralEditorialGrid.spec:33)
  - &quot;viewport&quot; is 810px above &quot;Editorialgrid_container&quot; instead of 835px (D:\GalenJAVA\LastStandGalen/src/test/resources/spec/MiralEditorialGrid.spec:34)
  - &quot;viewport&quot; is 1072px above &quot;Editorialgrid_bodycopy&quot; instead of 1102px (D:\GalenJAVA\LastStandGalen/src/test/resources/spec/MiralEditorialGrid.spec:35)
  - &quot;Editorialgrid_shorttitle&quot; is 1531px top instead of 1561px, is 1305px bottom instead of 1181px (D:\GalenJAVA\LastStandGalen/src/test/resources/spec/MiralEditorialGrid.spec:41)
  - &quot;Editorialgrid_shorttitle&quot; is 85px top instead of 90px (D:\GalenJAVA\LastStandGalen/src/test/resources/spec/MiralEditorialGrid.spec:42)
  - &quot;Editorialgrid_shorttitle&quot; is 895px below &quot;viewport&quot; instead of 925px (D:\GalenJAVA\LastStandGalen/src/test/resources/spec/MiralEditorialGrid.spec:48)
  - &quot;Editorialgrid_list_item_svg&quot; is 1852px top instead of 1882px, is 909px bottom instead of 785px (D:\GalenJAVA\LastStandGalen/src/test/resources/spec/MiralEditorialGrid.spec:56)
  - &quot;Editorialgrid_list_item_svg&quot; is 406px top instead of 411px (D:\GalenJAVA\LastStandGalen/src/test/resources/spec/MiralEditorialGrid.spec:58)
  - &quot;Editorialgrid_list_item_svg&quot; is 1216px below &quot;viewport&quot; instead of 1246px (D:\GalenJAVA\LastStandGalen/src/test/resources/spec/MiralEditorialGrid.spec:63)
  - &quot;Editorialgrid_list_item_bodycopy&quot; is 1982px top instead of 2012px, is 819px bottom instead of 695px (D:\GalenJAVA\LastStandGalen/src/test/resources/spec/MiralEditorialGrid.spec:70)
  - &quot;Editorialgrid_list_item_bodycopy&quot; is 536px top instead of 541px (D:\GalenJAVA\LastStandGalen/src/test/resources/spec/MiralEditorialGrid.spec:71)
  - &quot;Editorialgrid_list_item_bodycopy&quot; is 1346px below &quot;viewport&quot; instead of 1376px (D:\GalenJAVA\LastStandGalen/src/test/resources/spec/MiralEditorialGrid.spec:77)
  - &quot;Editorialgrid_list_item&quot; is 1852px top instead of 1882px, is 789px bottom instead of 665px (D:\GalenJAVA\LastStandGalen/src/test/resources/spec/MiralEditorialGrid.spec:85)
  - &quot;Editorialgrid_list_item&quot; is 406px top instead of 411px (D:\GalenJAVA\LastStandGalen/src/test/resources/spec/MiralEditorialGrid.spec:86)
  - &quot;Editorialgrid_list_item&quot; is 1216px below &quot;viewport&quot; instead of 1246px (D:\GalenJAVA\LastStandGalen/src/test/resources/spec/MiralEditorialGrid.spec:92)
  - &quot;Editorialgrid_list_cta&quot; is 2120px top instead of 2150px, is 683px bottom instead of 559px (D:\GalenJAVA\LastStandGalen/src/test/resources/spec/MiralEditorialGrid.spec:98)
  - &quot;Editorialgrid_list_cta&quot; is 674px top instead of 679px (D:\GalenJAVA\LastStandGalen/src/test/resources/spec/MiralEditorialGrid.spec:99)
  - &quot;Editorialgrid_list_cta&quot; is 1484px below &quot;viewport&quot; instead of 1514px (D:\GalenJAVA\LastStandGalen/src/test/resources/spec/MiralEditorialGrid.spec:104)
  - &quot;Editorialgrid_container&quot; is 1446px top instead of 1471px, is 683px bottom instead of 559px (D:\GalenJAVA\LastStandGalen/src/test/resources/spec/MiralEditorialGrid.spec:119)
  - &quot;Editorialgrid_container&quot; is 810px below &quot;viewport&quot; instead of 835px (D:\GalenJAVA\LastStandGalen/src/test/resources/spec/MiralEditorialGrid.spec:123)
  - &quot;Editorialgrid_bodycopy&quot; is 1708px top instead of 1738px, is 1069px bottom instead of 945px (D:\GalenJAVA\LastStandGalen/src/test/resources/spec/MiralEditorialGrid.spec:129)
  - &quot;Editorialgrid_bodycopy&quot; is 262px top instead of 267px (D:\GalenJAVA\LastStandGalen/src/test/resources/spec/MiralEditorialGrid.spec:130)
  - &quot;Editorialgrid_bodycopy&quot; is 1072px below &quot;viewport&quot; instead of 1102px (D:\GalenJAVA\LastStandGalen/src/test/resources/spec/MiralEditorialGrid.spec:137)
">
      <![CDATA[com.galenframework.support.LayoutValidationException: D:\GalenJAVA\LastStandGalen/src/test/resources/spec/MiralEditorialGrid.spec, tags: [Desktop]
  - "viewport" is 2225px bottom instead of 2131px (D:\GalenJAVA\LastStandGalen/src/test/resources/spec/MiralEditorialGrid.spec:25)
  - "viewport" is 895px above "Editorialgrid_shorttitle" instead of 925px (D:\GalenJAVA\LastStandGalen/src/test/resources/spec/MiralEditorialGrid.spec:29)
  - "viewport" is 1216px above "Editorialgrid_list_item_svg" instead of 1246px (D:\GalenJAVA\LastStandGalen/src/test/resources/spec/MiralEditorialGrid.spec:30)
  - "viewport" is 1346px above "Editorialgrid_list_item_bodycopy" instead of 1376px (D:\GalenJAVA\LastStandGalen/src/test/resources/spec/MiralEditorialGrid.spec:31)
  - "viewport" is 1216px above "Editorialgrid_list_item" instead of 1246px (D:\GalenJAVA\LastStandGalen/src/test/resources/spec/MiralEditorialGrid.spec:32)
  - "viewport" is 1484px above "Editorialgrid_list_cta" instead of 1514px (D:\GalenJAVA\LastStandGalen/src/test/resources/spec/MiralEditorialGrid.spec:33)
  - "viewport" is 810px above "Editorialgrid_container" instead of 835px (D:\GalenJAVA\LastStandGalen/src/test/resources/spec/MiralEditorialGrid.spec:34)
  - "viewport" is 1072px above "Editorialgrid_bodycopy" instead of 1102px (D:\GalenJAVA\LastStandGalen/src/test/resources/spec/MiralEditorialGrid.spec:35)
  - "Editorialgrid_shorttitle" is 1531px top instead of 1561px, is 1305px bottom instead of 1181px (D:\GalenJAVA\LastStandGalen/src/test/resources/spec/MiralEditorialGrid.spec:41)
  - "Editorialgrid_shorttitle" is 85px top instead of 90px (D:\GalenJAVA\LastStandGalen/src/test/resources/spec/MiralEditorialGrid.spec:42)
  - "Editorialgrid_shorttitle" is 895px below "viewport" instead of 925px (D:\GalenJAVA\LastStandGalen/src/test/resources/spec/MiralEditorialGrid.spec:48)
  - "Editorialgrid_list_item_svg" is 1852px top instead of 1882px, is 909px bottom instead of 785px (D:\GalenJAVA\LastStandGalen/src/test/resources/spec/MiralEditorialGrid.spec:56)
  - "Editorialgrid_list_item_svg" is 406px top instead of 411px (D:\GalenJAVA\LastStandGalen/src/test/resources/spec/MiralEditorialGrid.spec:58)
  - "Editorialgrid_list_item_svg" is 1216px below "viewport" instead of 1246px (D:\GalenJAVA\LastStandGalen/src/test/resources/spec/MiralEditorialGrid.spec:63)
  - "Editorialgrid_list_item_bodycopy" is 1982px top instead of 2012px, is 819px bottom instead of 695px (D:\GalenJAVA\LastStandGalen/src/test/resources/spec/MiralEditorialGrid.spec:70)
  - "Editorialgrid_list_item_bodycopy" is 536px top instead of 541px (D:\GalenJAVA\LastStandGalen/src/test/resources/spec/MiralEditorialGrid.spec:71)
  - "Editorialgrid_list_item_bodycopy" is 1346px below "viewport" instead of 1376px (D:\GalenJAVA\LastStandGalen/src/test/resources/spec/MiralEditorialGrid.spec:77)
  - "Editorialgrid_list_item" is 1852px top instead of 1882px, is 789px bottom instead of 665px (D:\GalenJAVA\LastStandGalen/src/test/resources/spec/MiralEditorialGrid.spec:85)
  - "Editorialgrid_list_item" is 406px top instead of 411px (D:\GalenJAVA\LastStandGalen/src/test/resources/spec/MiralEditorialGrid.spec:86)
  - "Editorialgrid_list_item" is 1216px below "viewport" instead of 1246px (D:\GalenJAVA\LastStandGalen/src/test/resources/spec/MiralEditorialGrid.spec:92)
  - "Editorialgrid_list_cta" is 2120px top instead of 2150px, is 683px bottom instead of 559px (D:\GalenJAVA\LastStandGalen/src/test/resources/spec/MiralEditorialGrid.spec:98)
  - "Editorialgrid_list_cta" is 674px top instead of 679px (D:\GalenJAVA\LastStandGalen/src/test/resources/spec/MiralEditorialGrid.spec:99)
  - "Editorialgrid_list_cta" is 1484px below "viewport" instead of 1514px (D:\GalenJAVA\LastStandGalen/src/test/resources/spec/MiralEditorialGrid.spec:104)
  - "Editorialgrid_container" is 1446px top instead of 1471px, is 683px bottom instead of 559px (D:\GalenJAVA\LastStandGalen/src/test/resources/spec/MiralEditorialGrid.spec:119)
  - "Editorialgrid_container" is 810px below "viewport" instead of 835px (D:\GalenJAVA\LastStandGalen/src/test/resources/spec/MiralEditorialGrid.spec:123)
  - "Editorialgrid_bodycopy" is 1708px top instead of 1738px, is 1069px bottom instead of 945px (D:\GalenJAVA\LastStandGalen/src/test/resources/spec/MiralEditorialGrid.spec:129)
  - "Editorialgrid_bodycopy" is 262px top instead of 267px (D:\GalenJAVA\LastStandGalen/src/test/resources/spec/MiralEditorialGrid.spec:130)
  - "Editorialgrid_bodycopy" is 1072px below "viewport" instead of 1102px (D:\GalenJAVA\LastStandGalen/src/test/resources/spec/MiralEditorialGrid.spec:137)

	at com.galenframework.support.GalenJavaTestBase.checkLayout(GalenJavaTestBase.java:123)
	at com.galenframework.support.GalenJavaTestBase.checkLayout(GalenJavaTestBase.java:105)
	at com.miral.galenDefination.Miral_HomePage.Miral_HomePage_EditorialGrid_UI_Validation(Miral_HomePage.java:113)
	at sun.reflect.NativeMethodAccessorImpl.invoke0(Native Method)
	at sun.reflect.NativeMethodAccessorImpl.invoke(NativeMethodAccessorImpl.java:62)
	at sun.reflect.DelegatingMethodAccessorImpl.invoke(DelegatingMethodAccessorImpl.java:43)
	at java.lang.reflect.Method.invoke(Method.java:498)
	at org.testng.internal.MethodInvocationHelper.invokeMethod(MethodInvocationHelper.java:108)
	at org.testng.internal.Invoker.invokeMethod(Invoker.java:661)
	at org.testng.internal.Invoker.invokeTestMethod(Invoker.java:869)
	at org.testng.internal.Invoker.invokeTestMethods(Invoker.java:1193)
	at org.testng.internal.TestMethodWorker.invokeTestMethods(TestMethodWorker.java:126)
	at org.testng.internal.TestMethodWorker.run(TestMethodWorker.java:109)
	at org.testng.TestRunner.privateRun(TestRunner.java:744)
	at org.testng.TestRunner.run(TestRunner.java:602)
	at org.testng.SuiteRunner.runTest(SuiteRunner.java:380)
	at org.testng.SuiteRunner.runSequentially(SuiteRunner.java:375)
	at org.testng.SuiteRunner.privateRun(SuiteRunner.java:340)
	at org.testng.SuiteRunner.run(SuiteRunner.java:289)
	at org.testng.SuiteRunnerWorker.runSuite(SuiteRunnerWorker.java:52)
	at org.testng.SuiteRunnerWorker.run(SuiteRunnerWorker.java:86)
	at org.testng.TestNG.runSuitesSequentially(TestNG.java:1301)
	at org.testng.TestNG.runSuitesLocally(TestNG.java:1226)
	at org.testng.TestNG.runSuites(TestNG.java:1144)
	at org.testng.TestNG.run(TestNG.java:1115)
	at org.testng.remote.AbstractRemoteTestNG.run(AbstractRemoteTestNG.java:132)
	at org.testng.remote.RemoteTestNG.initAndRun(RemoteTestNG.java:230)
	at org.testng.remote.RemoteTestNG.main(RemoteTestNG.java:76)
]]>
    </error>
  </testcase> <!-- Miral_HomePage_EditorialGrid_UI_Validation -->
  <testcase name="Miral_HomePage_HeroPanel_UI_Validation" time="4.192" classname="com.miral.galenDefination.Miral_HomePage">
    <error type="org.openqa.selenium.NoSuchElementException" message="no such element: Unable to locate element: {&quot;method&quot;:&quot;xpath&quot;,&quot;selector&quot;:&quot;.//div[contains(@class,&#039;btn btn-secondary header-bottom-btn-login&#039;)]/a&quot;}
  (Session info: chrome=60.0.3112.113)
  (Driver info: chromedriver=2.29.461591 (62ebf098771772160f391d75e589dc567915b233),platform=Windows NT 6.1.7601 SP1 x86_64) (WARNING: The server did not provide any stacktrace information)
Command duration or timeout: 229 milliseconds
For documentation on this error, please visit: http://seleniumhq.org/exceptions/no_such_element.html
Build info: version: &#039;3.4.0&#039;, revision: &#039;unknown&#039;, time: &#039;unknown&#039;
System info: host: &#039;DELKSAH168562&#039;, ip: &#039;10.202.96.145&#039;, os.name: &#039;Windows 7&#039;, os.arch: &#039;amd64&#039;, os.version: &#039;6.1&#039;, java.version: &#039;1.8.0_121&#039;
Driver info: org.openqa.selenium.chrome.ChromeDriver
Capabilities [{applicationCacheEnabled=false, rotatable=false, mobileEmulationEnabled=false, networkConnectionEnabled=false, chrome={chromedriverVersion=2.29.461591 (62ebf098771772160f391d75e589dc567915b233), userDataDir=C:\Users\Ksah1\AppData\Local\Temp\scoped_dir1384_29393}, takesHeapSnapshot=true, pageLoadStrategy=normal, databaseEnabled=false, handlesAlerts=true, hasTouchScreen=false, version=60.0.3112.113, platform=XP, browserConnectionEnabled=false, nativeEvents=true, acceptSslCerts=true, locationContextEnabled=true, webStorageEnabled=true, browserName=chrome, takesScreenshot=true, javascriptEnabled=true, cssSelectorsEnabled=true, unexpectedAlertBehaviour=}]
Session ID: c12fc8b9e3e11e350dc46b94ac17bbec
*** Element info: {Using=xpath, value=.//div[contains(@class,&#039;btn btn-secondary header-bottom-btn-login&#039;)]/a}">
      <![CDATA[org.openqa.selenium.NoSuchElementException: no such element: Unable to locate element: {"method":"xpath","selector":".//div[contains(@class,'btn btn-secondary header-bottom-btn-login')]/a"}
  (Session info: chrome=60.0.3112.113)
  (Driver info: chromedriver=2.29.461591 (62ebf098771772160f391d75e589dc567915b233),platform=Windows NT 6.1.7601 SP1 x86_64) (WARNING: The server did not provide any stacktrace information)
Command duration or timeout: 229 milliseconds
For documentation on this error, please visit: http://seleniumhq.org/exceptions/no_such_element.html
Build info: version: '3.4.0', revision: 'unknown', time: 'unknown'
System info: host: 'DELKSAH168562', ip: '10.202.96.145', os.name: 'Windows 7', os.arch: 'amd64', os.version: '6.1', java.version: '1.8.0_121'
Driver info: org.openqa.selenium.chrome.ChromeDriver
Capabilities [{applicationCacheEnabled=false, rotatable=false, mobileEmulationEnabled=false, networkConnectionEnabled=false, chrome={chromedriverVersion=2.29.461591 (62ebf098771772160f391d75e589dc567915b233), userDataDir=C:\Users\Ksah1\AppData\Local\Temp\scoped_dir1384_29393}, takesHeapSnapshot=true, pageLoadStrategy=normal, databaseEnabled=false, handlesAlerts=true, hasTouchScreen=false, version=60.0.3112.113, platform=XP, browserConnectionEnabled=false, nativeEvents=true, acceptSslCerts=true, locationContextEnabled=true, webStorageEnabled=true, browserName=chrome, takesScreenshot=true, javascriptEnabled=true, cssSelectorsEnabled=true, unexpectedAlertBehaviour=}]
Session ID: c12fc8b9e3e11e350dc46b94ac17bbec
*** Element info: {Using=xpath, value=.//div[contains(@class,'btn btn-secondary header-bottom-btn-login')]/a}
	at sun.reflect.NativeConstructorAccessorImpl.newInstance0(Native Method)
	at sun.reflect.NativeConstructorAccessorImpl.newInstance(NativeConstructorAccessorImpl.java:62)
	at sun.reflect.DelegatingConstructorAccessorImpl.newInstance(DelegatingConstructorAccessorImpl.java:45)
	at java.lang.reflect.Constructor.newInstance(Constructor.java:423)
	at org.openqa.selenium.remote.ErrorHandler.createThrowable(ErrorHandler.java:215)
	at org.openqa.selenium.remote.ErrorHandler.throwIfResponseFailed(ErrorHandler.java:167)
	at org.openqa.selenium.remote.RemoteWebDriver.execute(RemoteWebDriver.java:671)
	at org.openqa.selenium.remote.RemoteWebDriver.findElement(RemoteWebDriver.java:410)
	at org.openqa.selenium.remote.RemoteWebDriver.findElementByXPath(RemoteWebDriver.java:509)
	at org.openqa.selenium.By$ByXPath.findElement(By.java:361)
	at org.openqa.selenium.remote.RemoteWebDriver.findElement(RemoteWebDriver.java:402)
	at com.miral.galenDefination.Miral_HomePage.Miral_HomePage_HeroPanel_UI_Validation(Miral_HomePage.java:64)
	at sun.reflect.NativeMethodAccessorImpl.invoke0(Native Method)
	at sun.reflect.NativeMethodAccessorImpl.invoke(NativeMethodAccessorImpl.java:62)
	at sun.reflect.DelegatingMethodAccessorImpl.invoke(DelegatingMethodAccessorImpl.java:43)
	at java.lang.reflect.Method.invoke(Method.java:498)
	at org.testng.internal.MethodInvocationHelper.invokeMethod(MethodInvocationHelper.java:108)
	at org.testng.internal.Invoker.invokeMethod(Invoker.java:661)
	at org.testng.internal.Invoker.invokeTestMethod(Invoker.java:869)
	at org.testng.internal.Invoker.invokeTestMethods(Invoker.java:1193)
	at org.testng.internal.TestMethodWorker.invokeTestMethods(TestMethodWorker.java:126)
	at org.testng.internal.TestMethodWorker.run(TestMethodWorker.java:109)
	at org.testng.TestRunner.privateRun(TestRunner.java:744)
	at org.testng.TestRunner.run(TestRunner.java:602)
	at org.testng.SuiteRunner.runTest(SuiteRunner.java:380)
	at org.testng.SuiteRunner.runSequentially(SuiteRunner.java:375)
	at org.testng.SuiteRunner.privateRun(SuiteRunner.java:340)
	at org.testng.SuiteRunner.run(SuiteRunner.java:289)
	at org.testng.SuiteRunnerWorker.runSuite(SuiteRunnerWorker.java:52)
	at org.testng.SuiteRunnerWorker.run(SuiteRunnerWorker.java:86)
	at org.testng.TestNG.runSuitesSequentially(TestNG.java:1301)
	at org.testng.TestNG.runSuitesLocally(TestNG.java:1226)
	at org.testng.TestNG.runSuites(TestNG.java:1144)
	at org.testng.TestNG.run(TestNG.java:1115)
	at org.testng.remote.AbstractRemoteTestNG.run(AbstractRemoteTestNG.java:132)
	at org.testng.remote.RemoteTestNG.initAndRun(RemoteTestNG.java:230)
	at org.testng.remote.RemoteTestNG.main(RemoteTestNG.java:76)
]]>
    </error>
  </testcase> <!-- Miral_HomePage_HeroPanel_UI_Validation -->
  <testcase name="Miral_HomePage_Header_UI_Validation" time="50.167" classname="com.miral.galenDefination.Miral_HomePage"/>
</testsuite> <!-- com.miral.galenDefination.Miral_HomePage -->
