<?xml version="1.0" encoding="UTF-8"?>
<!-- Generated by org.testng.reporters.JUnitReportReporter -->
<testsuite skipped="0" hostname="WKWIN9963505" name="com.miral.galenDefination.Search_Page" tests="1" failures="0" timestamp="17 Jun 2018 07:29:34 GMT" time="36.291" errors="0">
  <testcase name="YasSearchpageUIinDesktop" time="36.291" classname="com.miral.galenDefination.Search_Page"/>
</testsuite> <!-- com.miral.galenDefination.Search_Page -->
