<?xml version="1.0" encoding="UTF-8"?>
<!-- Generated by org.testng.reporters.JUnitReportReporter -->
<testsuite skipped="0" hostname="delksah168562" name="com.miral.galenDefination.Miral_PrivacyPolicy" tests="5" failures="0" timestamp="13 Sep 2017 05:02:50 GMT" time="88.741" errors="3">
  <testcase name="Miral_PrivacyPolicy_Footer_UI_Validation" time="15.363" classname="com.miral.galenDefination.Miral_PrivacyPolicy">
    <error type="com.galenframework.support.LayoutValidationException" message="D:\GalenJAVA\LastStandGalen/src/test/resources/spec/MiralFooter.spec, tags: [Desktop]
  - &quot;Footer_column_container&quot; is 3672px top instead of 2303px (D:\GalenJAVA\LastStandGalen/src/test/resources/spec/MiralFooter.spec:17)
  - &quot;Footer_column_container&quot; is 3036px below &quot;viewport&quot; instead of 1667px (D:\GalenJAVA\LastStandGalen/src/test/resources/spec/MiralFooter.spec:27)
  - &quot;Footer_container&quot; is 3627px top instead of 2258px (D:\GalenJAVA\LastStandGalen/src/test/resources/spec/MiralFooter.spec:32)
  - &quot;Footer_container&quot; is 2991px below &quot;viewport&quot; instead of 1622px (D:\GalenJAVA\LastStandGalen/src/test/resources/spec/MiralFooter.spec:36)
  - &quot;Footer_cpyrgt&quot; is 4087px top instead of 2718px (D:\GalenJAVA\LastStandGalen/src/test/resources/spec/MiralFooter.spec:40)
  - &quot;Footer_cpyrgt&quot; is 3451px below &quot;viewport&quot; instead of 2082px (D:\GalenJAVA\LastStandGalen/src/test/resources/spec/MiralFooter.spec:47)
  - &quot;Footer_link_category&quot; is 3672px top instead of 2303px (D:\GalenJAVA\LastStandGalen/src/test/resources/spec/MiralFooter.spec:54)
  - &quot;Footer_link_category&quot; is 3036px below &quot;viewport&quot; instead of 1667px (D:\GalenJAVA\LastStandGalen/src/test/resources/spec/MiralFooter.spec:65)
  - &quot;Footer_link_subcat_ferrari&quot; is 3710px top instead of 2341px (D:\GalenJAVA\LastStandGalen/src/test/resources/spec/MiralFooter.spec:71)
  - &quot;Footer_link_subcat_ferrari&quot; is 3074px below &quot;viewport&quot; instead of 1705px (D:\GalenJAVA\LastStandGalen/src/test/resources/spec/MiralFooter.spec:81)
  - &quot;Footer_scnd_logo&quot; is 3970px top instead of 2601px (D:\GalenJAVA\LastStandGalen/src/test/resources/spec/MiralFooter.spec:85)
  - &quot;Footer_scnd_logo&quot; is 3334px below &quot;viewport&quot; instead of 1965px (D:\GalenJAVA\LastStandGalen/src/test/resources/spec/MiralFooter.spec:95)
  - &quot;Footer_prmy_logo&quot; is 3989px top instead of 2620px (D:\GalenJAVA\LastStandGalen/src/test/resources/spec/MiralFooter.spec:99)
  - &quot;Footer_prmy_logo&quot; is 3353px below &quot;viewport&quot; instead of 1984px (D:\GalenJAVA\LastStandGalen/src/test/resources/spec/MiralFooter.spec:108)
  - &quot;viewport&quot; is 3500px bottom instead of 2131px (D:\GalenJAVA\LastStandGalen/src/test/resources/spec/MiralFooter.spec:122)
  - &quot;viewport&quot; is 3036px above &quot;Footer_column_container&quot; instead of 1667px (D:\GalenJAVA\LastStandGalen/src/test/resources/spec/MiralFooter.spec:126)
  - &quot;viewport&quot; is 2991px above &quot;Footer_container&quot; instead of 1622px (D:\GalenJAVA\LastStandGalen/src/test/resources/spec/MiralFooter.spec:127)
  - &quot;viewport&quot; is 3451px above &quot;Footer_cpyrgt&quot; instead of 2082px (D:\GalenJAVA\LastStandGalen/src/test/resources/spec/MiralFooter.spec:128)
  - &quot;viewport&quot; is 3036px above &quot;Footer_link_category&quot; instead of 1667px (D:\GalenJAVA\LastStandGalen/src/test/resources/spec/MiralFooter.spec:129)
  - &quot;viewport&quot; is 3074px above &quot;Footer_link_subcat_ferrari&quot; instead of 1705px (D:\GalenJAVA\LastStandGalen/src/test/resources/spec/MiralFooter.spec:130)
  - &quot;viewport&quot; is 3334px above &quot;Footer_scnd_logo&quot; instead of 1965px (D:\GalenJAVA\LastStandGalen/src/test/resources/spec/MiralFooter.spec:131)
  - &quot;viewport&quot; is 3353px above &quot;Footer_prmy_logo&quot; instead of 1984px (D:\GalenJAVA\LastStandGalen/src/test/resources/spec/MiralFooter.spec:132)
">
      <![CDATA[com.galenframework.support.LayoutValidationException: D:\GalenJAVA\LastStandGalen/src/test/resources/spec/MiralFooter.spec, tags: [Desktop]
  - "Footer_column_container" is 3672px top instead of 2303px (D:\GalenJAVA\LastStandGalen/src/test/resources/spec/MiralFooter.spec:17)
  - "Footer_column_container" is 3036px below "viewport" instead of 1667px (D:\GalenJAVA\LastStandGalen/src/test/resources/spec/MiralFooter.spec:27)
  - "Footer_container" is 3627px top instead of 2258px (D:\GalenJAVA\LastStandGalen/src/test/resources/spec/MiralFooter.spec:32)
  - "Footer_container" is 2991px below "viewport" instead of 1622px (D:\GalenJAVA\LastStandGalen/src/test/resources/spec/MiralFooter.spec:36)
  - "Footer_cpyrgt" is 4087px top instead of 2718px (D:\GalenJAVA\LastStandGalen/src/test/resources/spec/MiralFooter.spec:40)
  - "Footer_cpyrgt" is 3451px below "viewport" instead of 2082px (D:\GalenJAVA\LastStandGalen/src/test/resources/spec/MiralFooter.spec:47)
  - "Footer_link_category" is 3672px top instead of 2303px (D:\GalenJAVA\LastStandGalen/src/test/resources/spec/MiralFooter.spec:54)
  - "Footer_link_category" is 3036px below "viewport" instead of 1667px (D:\GalenJAVA\LastStandGalen/src/test/resources/spec/MiralFooter.spec:65)
  - "Footer_link_subcat_ferrari" is 3710px top instead of 2341px (D:\GalenJAVA\LastStandGalen/src/test/resources/spec/MiralFooter.spec:71)
  - "Footer_link_subcat_ferrari" is 3074px below "viewport" instead of 1705px (D:\GalenJAVA\LastStandGalen/src/test/resources/spec/MiralFooter.spec:81)
  - "Footer_scnd_logo" is 3970px top instead of 2601px (D:\GalenJAVA\LastStandGalen/src/test/resources/spec/MiralFooter.spec:85)
  - "Footer_scnd_logo" is 3334px below "viewport" instead of 1965px (D:\GalenJAVA\LastStandGalen/src/test/resources/spec/MiralFooter.spec:95)
  - "Footer_prmy_logo" is 3989px top instead of 2620px (D:\GalenJAVA\LastStandGalen/src/test/resources/spec/MiralFooter.spec:99)
  - "Footer_prmy_logo" is 3353px below "viewport" instead of 1984px (D:\GalenJAVA\LastStandGalen/src/test/resources/spec/MiralFooter.spec:108)
  - "viewport" is 3500px bottom instead of 2131px (D:\GalenJAVA\LastStandGalen/src/test/resources/spec/MiralFooter.spec:122)
  - "viewport" is 3036px above "Footer_column_container" instead of 1667px (D:\GalenJAVA\LastStandGalen/src/test/resources/spec/MiralFooter.spec:126)
  - "viewport" is 2991px above "Footer_container" instead of 1622px (D:\GalenJAVA\LastStandGalen/src/test/resources/spec/MiralFooter.spec:127)
  - "viewport" is 3451px above "Footer_cpyrgt" instead of 2082px (D:\GalenJAVA\LastStandGalen/src/test/resources/spec/MiralFooter.spec:128)
  - "viewport" is 3036px above "Footer_link_category" instead of 1667px (D:\GalenJAVA\LastStandGalen/src/test/resources/spec/MiralFooter.spec:129)
  - "viewport" is 3074px above "Footer_link_subcat_ferrari" instead of 1705px (D:\GalenJAVA\LastStandGalen/src/test/resources/spec/MiralFooter.spec:130)
  - "viewport" is 3334px above "Footer_scnd_logo" instead of 1965px (D:\GalenJAVA\LastStandGalen/src/test/resources/spec/MiralFooter.spec:131)
  - "viewport" is 3353px above "Footer_prmy_logo" instead of 1984px (D:\GalenJAVA\LastStandGalen/src/test/resources/spec/MiralFooter.spec:132)

	at com.galenframework.support.GalenJavaTestBase.checkLayout(GalenJavaTestBase.java:123)
	at com.galenframework.support.GalenJavaTestBase.checkLayout(GalenJavaTestBase.java:105)
	at com.miral.galenDefination.Miral_PrivacyPolicy.Miral_PrivacyPolicy_Footer_UI_Validation(Miral_PrivacyPolicy.java:114)
	at sun.reflect.NativeMethodAccessorImpl.invoke0(Native Method)
	at sun.reflect.NativeMethodAccessorImpl.invoke(NativeMethodAccessorImpl.java:62)
	at sun.reflect.DelegatingMethodAccessorImpl.invoke(DelegatingMethodAccessorImpl.java:43)
	at java.lang.reflect.Method.invoke(Method.java:498)
	at org.testng.internal.MethodInvocationHelper.invokeMethod(MethodInvocationHelper.java:108)
	at org.testng.internal.Invoker.invokeMethod(Invoker.java:661)
	at org.testng.internal.Invoker.invokeTestMethod(Invoker.java:869)
	at org.testng.internal.Invoker.invokeTestMethods(Invoker.java:1193)
	at org.testng.internal.TestMethodWorker.invokeTestMethods(TestMethodWorker.java:126)
	at org.testng.internal.TestMethodWorker.run(TestMethodWorker.java:109)
	at org.testng.TestRunner.privateRun(TestRunner.java:744)
	at org.testng.TestRunner.run(TestRunner.java:602)
	at org.testng.SuiteRunner.runTest(SuiteRunner.java:380)
	at org.testng.SuiteRunner.runSequentially(SuiteRunner.java:375)
	at org.testng.SuiteRunner.privateRun(SuiteRunner.java:340)
	at org.testng.SuiteRunner.run(SuiteRunner.java:289)
	at org.testng.SuiteRunnerWorker.runSuite(SuiteRunnerWorker.java:52)
	at org.testng.SuiteRunnerWorker.run(SuiteRunnerWorker.java:86)
	at org.testng.TestNG.runSuitesSequentially(TestNG.java:1301)
	at org.testng.TestNG.runSuitesLocally(TestNG.java:1226)
	at org.testng.TestNG.runSuites(TestNG.java:1144)
	at org.testng.TestNG.run(TestNG.java:1115)
	at org.testng.remote.AbstractRemoteTestNG.run(AbstractRemoteTestNG.java:132)
	at org.testng.remote.RemoteTestNG.initAndRun(RemoteTestNG.java:230)
	at org.testng.remote.RemoteTestNG.main(RemoteTestNG.java:76)
]]>
    </error>
  </testcase> <!-- Miral_PrivacyPolicy_Footer_UI_Validation -->
  <testcase name="Miral_PrivacyPolicy_TextwithCTA_UI_Validation" time="14.696" classname="com.miral.galenDefination.Miral_PrivacyPolicy">
    <error type="com.galenframework.support.LayoutValidationException" message="D:\GalenJAVA\LastStandGalen/src/test/resources/spec/MiralTextwithCTA.spec, tags: [Desktop]
  - &quot;Text_with_CTA&quot; is 3152px top instead of 2557px (D:\GalenJAVA\LastStandGalen/src/test/resources/spec/MiralTextwithCTA.spec:12)
  - &quot;Text_with_CTA&quot; is 2516px below &quot;viewport&quot; instead of 1921px (D:\GalenJAVA\LastStandGalen/src/test/resources/spec/MiralTextwithCTA.spec:15)
  - &quot;Text_with_CTA_bodycopy&quot; is 3414px top instead of 2819px (D:\GalenJAVA\LastStandGalen/src/test/resources/spec/MiralTextwithCTA.spec:22)
  - &quot;Text_with_CTA_bodycopy&quot; is 2778px below &quot;viewport&quot; instead of 2183px (D:\GalenJAVA\LastStandGalen/src/test/resources/spec/MiralTextwithCTA.spec:27)
  - &quot;Text_with_CTA_heading&quot; is 3341px top instead of 2746px (D:\GalenJAVA\LastStandGalen/src/test/resources/spec/MiralTextwithCTA.spec:35)
  - &quot;Text_with_CTA_heading&quot; is 2705px below &quot;viewport&quot; instead of 2110px (D:\GalenJAVA\LastStandGalen/src/test/resources/spec/MiralTextwithCTA.spec:40)
  - &quot;Text_with_CTA_primary_CTA&quot; is 3471px top instead of 2876px (D:\GalenJAVA\LastStandGalen/src/test/resources/spec/MiralTextwithCTA.spec:48)
  - &quot;Text_with_CTA_primary_CTA&quot; is 2835px below &quot;viewport&quot; instead of 2240px (D:\GalenJAVA\LastStandGalen/src/test/resources/spec/MiralTextwithCTA.spec:53)
  - &quot;Text_with_CTA_secondary_CTA&quot; is 3471px top instead of 2876px (D:\GalenJAVA\LastStandGalen/src/test/resources/spec/MiralTextwithCTA.spec:58)
  - &quot;Text_with_CTA_secondary_CTA&quot; is 2835px below &quot;viewport&quot; instead of 2240px (D:\GalenJAVA\LastStandGalen/src/test/resources/spec/MiralTextwithCTA.spec:63)
  - &quot;viewport&quot; is 3500px bottom instead of 2905px (D:\GalenJAVA\LastStandGalen/src/test/resources/spec/MiralTextwithCTA.spec:78)
  - &quot;viewport&quot; is 2516px above &quot;Text_with_CTA&quot; instead of 1921px (D:\GalenJAVA\LastStandGalen/src/test/resources/spec/MiralTextwithCTA.spec:82)
  - &quot;viewport&quot; is 2778px above &quot;Text_with_CTA_bodycopy&quot; instead of 2183px (D:\GalenJAVA\LastStandGalen/src/test/resources/spec/MiralTextwithCTA.spec:83)
  - &quot;viewport&quot; is 2705px above &quot;Text_with_CTA_heading&quot; instead of 2110px (D:\GalenJAVA\LastStandGalen/src/test/resources/spec/MiralTextwithCTA.spec:84)
  - &quot;viewport&quot; is 2835px above &quot;Text_with_CTA_primary_CTA&quot; instead of 2240px (D:\GalenJAVA\LastStandGalen/src/test/resources/spec/MiralTextwithCTA.spec:85)
  - &quot;viewport&quot; is 2835px above &quot;Text_with_CTA_secondary_CTA&quot; instead of 2240px (D:\GalenJAVA\LastStandGalen/src/test/resources/spec/MiralTextwithCTA.spec:86)
">
      <![CDATA[com.galenframework.support.LayoutValidationException: D:\GalenJAVA\LastStandGalen/src/test/resources/spec/MiralTextwithCTA.spec, tags: [Desktop]
  - "Text_with_CTA" is 3152px top instead of 2557px (D:\GalenJAVA\LastStandGalen/src/test/resources/spec/MiralTextwithCTA.spec:12)
  - "Text_with_CTA" is 2516px below "viewport" instead of 1921px (D:\GalenJAVA\LastStandGalen/src/test/resources/spec/MiralTextwithCTA.spec:15)
  - "Text_with_CTA_bodycopy" is 3414px top instead of 2819px (D:\GalenJAVA\LastStandGalen/src/test/resources/spec/MiralTextwithCTA.spec:22)
  - "Text_with_CTA_bodycopy" is 2778px below "viewport" instead of 2183px (D:\GalenJAVA\LastStandGalen/src/test/resources/spec/MiralTextwithCTA.spec:27)
  - "Text_with_CTA_heading" is 3341px top instead of 2746px (D:\GalenJAVA\LastStandGalen/src/test/resources/spec/MiralTextwithCTA.spec:35)
  - "Text_with_CTA_heading" is 2705px below "viewport" instead of 2110px (D:\GalenJAVA\LastStandGalen/src/test/resources/spec/MiralTextwithCTA.spec:40)
  - "Text_with_CTA_primary_CTA" is 3471px top instead of 2876px (D:\GalenJAVA\LastStandGalen/src/test/resources/spec/MiralTextwithCTA.spec:48)
  - "Text_with_CTA_primary_CTA" is 2835px below "viewport" instead of 2240px (D:\GalenJAVA\LastStandGalen/src/test/resources/spec/MiralTextwithCTA.spec:53)
  - "Text_with_CTA_secondary_CTA" is 3471px top instead of 2876px (D:\GalenJAVA\LastStandGalen/src/test/resources/spec/MiralTextwithCTA.spec:58)
  - "Text_with_CTA_secondary_CTA" is 2835px below "viewport" instead of 2240px (D:\GalenJAVA\LastStandGalen/src/test/resources/spec/MiralTextwithCTA.spec:63)
  - "viewport" is 3500px bottom instead of 2905px (D:\GalenJAVA\LastStandGalen/src/test/resources/spec/MiralTextwithCTA.spec:78)
  - "viewport" is 2516px above "Text_with_CTA" instead of 1921px (D:\GalenJAVA\LastStandGalen/src/test/resources/spec/MiralTextwithCTA.spec:82)
  - "viewport" is 2778px above "Text_with_CTA_bodycopy" instead of 2183px (D:\GalenJAVA\LastStandGalen/src/test/resources/spec/MiralTextwithCTA.spec:83)
  - "viewport" is 2705px above "Text_with_CTA_heading" instead of 2110px (D:\GalenJAVA\LastStandGalen/src/test/resources/spec/MiralTextwithCTA.spec:84)
  - "viewport" is 2835px above "Text_with_CTA_primary_CTA" instead of 2240px (D:\GalenJAVA\LastStandGalen/src/test/resources/spec/MiralTextwithCTA.spec:85)
  - "viewport" is 2835px above "Text_with_CTA_secondary_CTA" instead of 2240px (D:\GalenJAVA\LastStandGalen/src/test/resources/spec/MiralTextwithCTA.spec:86)

	at com.galenframework.support.GalenJavaTestBase.checkLayout(GalenJavaTestBase.java:123)
	at com.galenframework.support.GalenJavaTestBase.checkLayout(GalenJavaTestBase.java:105)
	at com.miral.galenDefination.Miral_PrivacyPolicy.Miral_PrivacyPolicy_TextwithCTA_UI_Validation(Miral_PrivacyPolicy.java:95)
	at sun.reflect.NativeMethodAccessorImpl.invoke0(Native Method)
	at sun.reflect.NativeMethodAccessorImpl.invoke(NativeMethodAccessorImpl.java:62)
	at sun.reflect.DelegatingMethodAccessorImpl.invoke(DelegatingMethodAccessorImpl.java:43)
	at java.lang.reflect.Method.invoke(Method.java:498)
	at org.testng.internal.MethodInvocationHelper.invokeMethod(MethodInvocationHelper.java:108)
	at org.testng.internal.Invoker.invokeMethod(Invoker.java:661)
	at org.testng.internal.Invoker.invokeTestMethod(Invoker.java:869)
	at org.testng.internal.Invoker.invokeTestMethods(Invoker.java:1193)
	at org.testng.internal.TestMethodWorker.invokeTestMethods(TestMethodWorker.java:126)
	at org.testng.internal.TestMethodWorker.run(TestMethodWorker.java:109)
	at org.testng.TestRunner.privateRun(TestRunner.java:744)
	at org.testng.TestRunner.run(TestRunner.java:602)
	at org.testng.SuiteRunner.runTest(SuiteRunner.java:380)
	at org.testng.SuiteRunner.runSequentially(SuiteRunner.java:375)
	at org.testng.SuiteRunner.privateRun(SuiteRunner.java:340)
	at org.testng.SuiteRunner.run(SuiteRunner.java:289)
	at org.testng.SuiteRunnerWorker.runSuite(SuiteRunnerWorker.java:52)
	at org.testng.SuiteRunnerWorker.run(SuiteRunnerWorker.java:86)
	at org.testng.TestNG.runSuitesSequentially(TestNG.java:1301)
	at org.testng.TestNG.runSuitesLocally(TestNG.java:1226)
	at org.testng.TestNG.runSuites(TestNG.java:1144)
	at org.testng.TestNG.run(TestNG.java:1115)
	at org.testng.remote.AbstractRemoteTestNG.run(AbstractRemoteTestNG.java:132)
	at org.testng.remote.RemoteTestNG.initAndRun(RemoteTestNG.java:230)
	at org.testng.remote.RemoteTestNG.main(RemoteTestNG.java:76)
]]>
    </error>
  </testcase> <!-- Miral_PrivacyPolicy_TextwithCTA_UI_Validation -->
  <testcase name="Miral_PrivacyPolicy_EditorialList_UI_Validation" time="14.166" classname="com.miral.galenDefination.Miral_PrivacyPolicy"/>
  <testcase name="Miral_PrivacyPolicy_Header_UI_Validation" time="23.137" classname="com.miral.galenDefination.Miral_PrivacyPolicy">
    <error type="com.galenframework.support.LayoutValidationException" message="D:\GalenJAVA\LastStandGalen/src/test/resources/spec/MiralHeader.spec, tags: [Desktop]
  - &quot;Header_profile&quot; is not aligned horizontally top with &quot;Header_nav&quot;. Offset is 2px (D:\GalenJAVA\LastStandGalen/src/test/resources/spec/MiralHeader.spec:76)
  - &quot;Header_menu-1&quot; is not aligned vertically all with &quot;Header_nav&quot;. Offset is 421px (D:\GalenJAVA\LastStandGalen/src/test/resources/spec/MiralHeader.spec:77)
  - &quot;Header_profile&quot; is not aligned horizontally top with &quot;Header_nav&quot;. Offset is 2px (D:\GalenJAVA\LastStandGalen/src/test/resources/spec/MiralHeader.spec:76)
  - &quot;Header_menu-1&quot; is not aligned vertically all with &quot;Header_nav&quot;. Offset is 421px (D:\GalenJAVA\LastStandGalen/src/test/resources/spec/MiralHeader.spec:77)
  - &quot;Header_profile&quot; is not aligned horizontally top with &quot;Header_nav&quot;. Offset is 2px (D:\GalenJAVA\LastStandGalen/src/test/resources/spec/MiralHeader.spec:76)
  - &quot;Header_menu-1&quot; is not aligned vertically all with &quot;Header_nav&quot;. Offset is 421px (D:\GalenJAVA\LastStandGalen/src/test/resources/spec/MiralHeader.spec:77)
  - &quot;Header_profile&quot; is not aligned horizontally top with &quot;Header_nav&quot;. Offset is 2px (D:\GalenJAVA\LastStandGalen/src/test/resources/spec/MiralHeader.spec:76)
  - &quot;Header_menu-1&quot; is not aligned vertically all with &quot;Header_nav&quot;. Offset is 421px (D:\GalenJAVA\LastStandGalen/src/test/resources/spec/MiralHeader.spec:77)
  - &quot;Header_menu-1&quot; is not aligned horizontally top with &quot;Header_prmlink&quot;. Offset is 4px (D:\GalenJAVA\LastStandGalen/src/test/resources/spec/MiralHeader.spec:88)
  - &quot;Header_nav&quot; is not aligned horizontally top with &quot;Header_prmlink&quot;. Offset is 4px (D:\GalenJAVA\LastStandGalen/src/test/resources/spec/MiralHeader.spec:89)
  - &quot;Header_profile&quot; is not aligned horizontally top with &quot;Header_prmlink&quot;. Offset is 2px (D:\GalenJAVA\LastStandGalen/src/test/resources/spec/MiralHeader.spec:90)
  - &quot;Header_menu-1&quot; is not aligned horizontally top with &quot;Header_prmlink&quot;. Offset is 4px (D:\GalenJAVA\LastStandGalen/src/test/resources/spec/MiralHeader.spec:88)
  - &quot;Header_nav&quot; is not aligned horizontally top with &quot;Header_prmlink&quot;. Offset is 4px (D:\GalenJAVA\LastStandGalen/src/test/resources/spec/MiralHeader.spec:89)
  - &quot;Header_profile&quot; is not aligned horizontally top with &quot;Header_prmlink&quot;. Offset is 2px (D:\GalenJAVA\LastStandGalen/src/test/resources/spec/MiralHeader.spec:90)
  - &quot;Header_menu-1&quot; is not aligned horizontally top with &quot;Header_prmlink&quot;. Offset is 4px (D:\GalenJAVA\LastStandGalen/src/test/resources/spec/MiralHeader.spec:88)
  - &quot;Header_nav&quot; is not aligned horizontally top with &quot;Header_prmlink&quot;. Offset is 4px (D:\GalenJAVA\LastStandGalen/src/test/resources/spec/MiralHeader.spec:89)
  - &quot;Header_profile&quot; is not aligned horizontally top with &quot;Header_prmlink&quot;. Offset is 2px (D:\GalenJAVA\LastStandGalen/src/test/resources/spec/MiralHeader.spec:90)
  - &quot;Header_menu-1&quot; is not aligned horizontally top with &quot;Header_prmlink&quot;. Offset is 4px (D:\GalenJAVA\LastStandGalen/src/test/resources/spec/MiralHeader.spec:88)
  - &quot;Header_nav&quot; is not aligned horizontally top with &quot;Header_prmlink&quot;. Offset is 4px (D:\GalenJAVA\LastStandGalen/src/test/resources/spec/MiralHeader.spec:89)
  - &quot;Header_profile&quot; is not aligned horizontally top with &quot;Header_prmlink&quot;. Offset is 2px (D:\GalenJAVA\LastStandGalen/src/test/resources/spec/MiralHeader.spec:90)
  - &quot;Header_profile&quot; is not centered vertically on &quot;Header_prmlink&quot;. Offset is 4px (D:\GalenJAVA\LastStandGalen/src/test/resources/spec/MiralHeader.spec:114)
  - &quot;Header_profile&quot; is not centered vertically on &quot;Header_prmlink&quot;. Offset is 4px (D:\GalenJAVA\LastStandGalen/src/test/resources/spec/MiralHeader.spec:114)
  - &quot;Header_profile&quot; is not centered vertically on &quot;Header_prmlink&quot;. Offset is 4px (D:\GalenJAVA\LastStandGalen/src/test/resources/spec/MiralHeader.spec:114)
  - &quot;Header_profile&quot; is not centered vertically on &quot;Header_prmlink&quot;. Offset is 4px (D:\GalenJAVA\LastStandGalen/src/test/resources/spec/MiralHeader.spec:114)
  - &quot;Header_menu-2&quot; width is 70px instead of 120px (D:\GalenJAVA\LastStandGalen/src/test/resources/spec/MiralHeader.spec:23)
  - &quot;Header_menu-3&quot; width is 104px instead of 120px (D:\GalenJAVA\LastStandGalen/src/test/resources/spec/MiralHeader.spec:23)
  - Cannot find locator for &quot;Header_menu-5&quot; in page spec (D:\GalenJAVA\LastStandGalen/src/test/resources/spec/MiralHeader.spec:21)
  - &quot;Header_menu-4&quot; width is 137px instead of 120px (D:\GalenJAVA\LastStandGalen/src/test/resources/spec/MiralHeader.spec:23)
">
      <![CDATA[com.galenframework.support.LayoutValidationException: D:\GalenJAVA\LastStandGalen/src/test/resources/spec/MiralHeader.spec, tags: [Desktop]
  - "Header_profile" is not aligned horizontally top with "Header_nav". Offset is 2px (D:\GalenJAVA\LastStandGalen/src/test/resources/spec/MiralHeader.spec:76)
  - "Header_menu-1" is not aligned vertically all with "Header_nav". Offset is 421px (D:\GalenJAVA\LastStandGalen/src/test/resources/spec/MiralHeader.spec:77)
  - "Header_profile" is not aligned horizontally top with "Header_nav". Offset is 2px (D:\GalenJAVA\LastStandGalen/src/test/resources/spec/MiralHeader.spec:76)
  - "Header_menu-1" is not aligned vertically all with "Header_nav". Offset is 421px (D:\GalenJAVA\LastStandGalen/src/test/resources/spec/MiralHeader.spec:77)
  - "Header_profile" is not aligned horizontally top with "Header_nav". Offset is 2px (D:\GalenJAVA\LastStandGalen/src/test/resources/spec/MiralHeader.spec:76)
  - "Header_menu-1" is not aligned vertically all with "Header_nav". Offset is 421px (D:\GalenJAVA\LastStandGalen/src/test/resources/spec/MiralHeader.spec:77)
  - "Header_profile" is not aligned horizontally top with "Header_nav". Offset is 2px (D:\GalenJAVA\LastStandGalen/src/test/resources/spec/MiralHeader.spec:76)
  - "Header_menu-1" is not aligned vertically all with "Header_nav". Offset is 421px (D:\GalenJAVA\LastStandGalen/src/test/resources/spec/MiralHeader.spec:77)
  - "Header_menu-1" is not aligned horizontally top with "Header_prmlink". Offset is 4px (D:\GalenJAVA\LastStandGalen/src/test/resources/spec/MiralHeader.spec:88)
  - "Header_nav" is not aligned horizontally top with "Header_prmlink". Offset is 4px (D:\GalenJAVA\LastStandGalen/src/test/resources/spec/MiralHeader.spec:89)
  - "Header_profile" is not aligned horizontally top with "Header_prmlink". Offset is 2px (D:\GalenJAVA\LastStandGalen/src/test/resources/spec/MiralHeader.spec:90)
  - "Header_menu-1" is not aligned horizontally top with "Header_prmlink". Offset is 4px (D:\GalenJAVA\LastStandGalen/src/test/resources/spec/MiralHeader.spec:88)
  - "Header_nav" is not aligned horizontally top with "Header_prmlink". Offset is 4px (D:\GalenJAVA\LastStandGalen/src/test/resources/spec/MiralHeader.spec:89)
  - "Header_profile" is not aligned horizontally top with "Header_prmlink". Offset is 2px (D:\GalenJAVA\LastStandGalen/src/test/resources/spec/MiralHeader.spec:90)
  - "Header_menu-1" is not aligned horizontally top with "Header_prmlink". Offset is 4px (D:\GalenJAVA\LastStandGalen/src/test/resources/spec/MiralHeader.spec:88)
  - "Header_nav" is not aligned horizontally top with "Header_prmlink". Offset is 4px (D:\GalenJAVA\LastStandGalen/src/test/resources/spec/MiralHeader.spec:89)
  - "Header_profile" is not aligned horizontally top with "Header_prmlink". Offset is 2px (D:\GalenJAVA\LastStandGalen/src/test/resources/spec/MiralHeader.spec:90)
  - "Header_menu-1" is not aligned horizontally top with "Header_prmlink". Offset is 4px (D:\GalenJAVA\LastStandGalen/src/test/resources/spec/MiralHeader.spec:88)
  - "Header_nav" is not aligned horizontally top with "Header_prmlink". Offset is 4px (D:\GalenJAVA\LastStandGalen/src/test/resources/spec/MiralHeader.spec:89)
  - "Header_profile" is not aligned horizontally top with "Header_prmlink". Offset is 2px (D:\GalenJAVA\LastStandGalen/src/test/resources/spec/MiralHeader.spec:90)
  - "Header_profile" is not centered vertically on "Header_prmlink". Offset is 4px (D:\GalenJAVA\LastStandGalen/src/test/resources/spec/MiralHeader.spec:114)
  - "Header_profile" is not centered vertically on "Header_prmlink". Offset is 4px (D:\GalenJAVA\LastStandGalen/src/test/resources/spec/MiralHeader.spec:114)
  - "Header_profile" is not centered vertically on "Header_prmlink". Offset is 4px (D:\GalenJAVA\LastStandGalen/src/test/resources/spec/MiralHeader.spec:114)
  - "Header_profile" is not centered vertically on "Header_prmlink". Offset is 4px (D:\GalenJAVA\LastStandGalen/src/test/resources/spec/MiralHeader.spec:114)
  - "Header_menu-2" width is 70px instead of 120px (D:\GalenJAVA\LastStandGalen/src/test/resources/spec/MiralHeader.spec:23)
  - "Header_menu-3" width is 104px instead of 120px (D:\GalenJAVA\LastStandGalen/src/test/resources/spec/MiralHeader.spec:23)
  - Cannot find locator for "Header_menu-5" in page spec (D:\GalenJAVA\LastStandGalen/src/test/resources/spec/MiralHeader.spec:21)
  - "Header_menu-4" width is 137px instead of 120px (D:\GalenJAVA\LastStandGalen/src/test/resources/spec/MiralHeader.spec:23)

	at com.galenframework.support.GalenJavaTestBase.checkLayout(GalenJavaTestBase.java:123)
	at com.galenframework.support.GalenJavaTestBase.checkLayout(GalenJavaTestBase.java:105)
	at com.miral.galenDefination.Miral_PrivacyPolicy.Miral_PrivacyPolicy_Header_UI_Validation(Miral_PrivacyPolicy.java:38)
	at sun.reflect.NativeMethodAccessorImpl.invoke0(Native Method)
	at sun.reflect.NativeMethodAccessorImpl.invoke(NativeMethodAccessorImpl.java:62)
	at sun.reflect.DelegatingMethodAccessorImpl.invoke(DelegatingMethodAccessorImpl.java:43)
	at java.lang.reflect.Method.invoke(Method.java:498)
	at org.testng.internal.MethodInvocationHelper.invokeMethod(MethodInvocationHelper.java:108)
	at org.testng.internal.Invoker.invokeMethod(Invoker.java:661)
	at org.testng.internal.Invoker.invokeTestMethod(Invoker.java:869)
	at org.testng.internal.Invoker.invokeTestMethods(Invoker.java:1193)
	at org.testng.internal.TestMethodWorker.invokeTestMethods(TestMethodWorker.java:126)
	at org.testng.internal.TestMethodWorker.run(TestMethodWorker.java:109)
	at org.testng.TestRunner.privateRun(TestRunner.java:744)
	at org.testng.TestRunner.run(TestRunner.java:602)
	at org.testng.SuiteRunner.runTest(SuiteRunner.java:380)
	at org.testng.SuiteRunner.runSequentially(SuiteRunner.java:375)
	at org.testng.SuiteRunner.privateRun(SuiteRunner.java:340)
	at org.testng.SuiteRunner.run(SuiteRunner.java:289)
	at org.testng.SuiteRunnerWorker.runSuite(SuiteRunnerWorker.java:52)
	at org.testng.SuiteRunnerWorker.run(SuiteRunnerWorker.java:86)
	at org.testng.TestNG.runSuitesSequentially(TestNG.java:1301)
	at org.testng.TestNG.runSuitesLocally(TestNG.java:1226)
	at org.testng.TestNG.runSuites(TestNG.java:1144)
	at org.testng.TestNG.run(TestNG.java:1115)
	at org.testng.remote.AbstractRemoteTestNG.run(AbstractRemoteTestNG.java:132)
	at org.testng.remote.RemoteTestNG.initAndRun(RemoteTestNG.java:230)
	at org.testng.remote.RemoteTestNG.main(RemoteTestNG.java:76)
]]>
    </error>
  </testcase> <!-- Miral_PrivacyPolicy_Header_UI_Validation -->
  <testcase name="Miral_PrivacyPolicy_EditorialText_UI_Validation" time="21.379" classname="com.miral.galenDefination.Miral_PrivacyPolicy"/>
</testsuite> <!-- com.miral.galenDefination.Miral_PrivacyPolicy -->
